[2022-10-13T11:25:28.711] [DEBUG] cheese - login => username:zce,password:123456
[2022-10-13T11:25:28.713] [DEBUG] cheese - zce
[2022-10-13T11:25:28.720] [DEBUG] cheese - null
[2022-10-13T11:25:28.720] [DEBUG] cheese - null
[2022-10-13T11:26:11.069] [DEBUG] cheese - login => username:admin,password:123456
[2022-10-13T11:26:11.069] [DEBUG] cheese - admin
[2022-10-13T11:26:11.072] [DEBUG] cheese - null
[2022-10-13T11:26:11.072] [DEBUG] cheese - null
[2022-10-13T11:27:07.621] [DEBUG] cheese - login => username:admin,password:123456
[2022-10-13T11:27:07.621] [DEBUG] cheese - admin
[2022-10-13T11:27:07.622] [DEBUG] cheese - null
[2022-10-13T11:27:07.622] [DEBUG] cheese - null
[2022-10-13T11:27:14.772] [DEBUG] cheese - login => username:admin,password:123456
[2022-10-13T11:27:14.772] [DEBUG] cheese - admin
[2022-10-13T11:27:14.773] [DEBUG] cheese - null
[2022-10-13T11:27:14.774] [DEBUG] cheese - null
[2022-10-13T11:32:09.503] [DEBUG] cheese - login => username:admin,password:123456
[2022-10-13T11:32:09.503] [DEBUG] cheese - admin
[2022-10-13T11:32:09.506] [DEBUG] cheese - null
[2022-10-13T11:32:09.506] [DEBUG] cheese - null
[2022-10-13T11:32:27.684] [DEBUG] cheese - login => username:admin,password:123456
[2022-10-13T11:32:27.684] [DEBUG] cheese - admin
[2022-10-13T11:32:27.686] [DEBUG] cheese - null
[2022-10-13T11:32:27.687] [DEBUG] cheese - null
[2022-10-13T11:32:49.492] [DEBUG] cheese - login => username:admin,password:123456
[2022-10-13T11:32:49.492] [DEBUG] cheese - admin
[2022-10-13T11:32:49.494] [DEBUG] cheese - null
[2022-10-13T11:32:49.494] [DEBUG] cheese - null
[2022-10-13T11:32:53.180] [DEBUG] cheese - login => username:admin,password:123456
[2022-10-13T11:32:53.180] [DEBUG] cheese - admin
[2022-10-13T11:32:53.182] [DEBUG] cheese - null
[2022-10-13T11:32:53.182] [DEBUG] cheese - null
[2022-10-13T11:33:21.439] [DEBUG] cheese - login => username:admin,password:123456
[2022-10-13T11:33:21.439] [DEBUG] cheese - admin
[2022-10-13T11:33:21.441] [DEBUG] cheese - null
[2022-10-13T11:33:21.441] [DEBUG] cheese - null
[2022-10-13T11:33:32.341] [DEBUG] cheese - login => username:admin,password:123456
[2022-10-13T11:33:32.341] [DEBUG] cheese - admin
[2022-10-13T11:33:32.343] [DEBUG] cheese - null
[2022-10-13T11:33:32.343] [DEBUG] cheese - null
[2022-10-13T11:46:14.694] [DEBUG] cheese - login => username:admin,password:123456
[2022-10-13T11:46:14.695] [DEBUG] cheese - admin
[2022-10-13T11:46:14.696] [DEBUG] cheese - null
[2022-10-13T11:46:14.696] [DEBUG] cheese - null
[2022-10-13T11:48:06.101] [DEBUG] cheese - login => username:admin,password:123456
[2022-10-13T11:48:06.101] [DEBUG] cheese - admin
[2022-10-13T11:48:06.103] [DEBUG] cheese - null
[2022-10-13T11:48:06.103] [DEBUG] cheese - null
[2022-10-13T11:50:09.046] [DEBUG] cheese - login => username:admin,password:123456
[2022-10-13T11:50:09.046] [DEBUG] cheese - admin
[2022-10-13T11:50:09.048] [DEBUG] cheese - null
[2022-10-13T11:50:09.048] [DEBUG] cheese - null
[2022-10-13T11:53:46.239] [DEBUG] cheese - login => username:admin,password:123456
[2022-10-13T11:53:46.239] [DEBUG] cheese - admin
[2022-10-13T11:53:46.241] [DEBUG] cheese - null
[2022-10-13T11:53:46.241] [DEBUG] cheese - null
[2022-10-13T11:54:54.061] [DEBUG] cheese - login => username:admin,password:123456
[2022-10-13T11:54:54.061] [DEBUG] cheese - admin
[2022-10-13T11:54:54.064] [DEBUG] cheese - null
[2022-10-13T11:54:54.064] [DEBUG] cheese - null
[2022-10-13T11:55:19.262] [DEBUG] cheese - login => username:admin,password:123456
[2022-10-13T11:55:19.262] [DEBUG] cheese - admin
[2022-10-13T11:55:19.263] [DEBUG] cheese - null
[2022-10-13T11:55:19.263] [DEBUG] cheese - null
[2022-10-13T11:55:59.062] [DEBUG] cheese - login => username:admin,password:123456
[2022-10-13T11:55:59.062] [DEBUG] cheese - admin
[2022-10-13T11:55:59.064] [DEBUG] cheese - null
[2022-10-13T11:55:59.064] [DEBUG] cheese - null
[2022-10-13T12:01:50.222] [DEBUG] cheese - login => username:admin,password:123456
[2022-10-13T12:01:50.222] [DEBUG] cheese - admin
[2022-10-13T12:01:50.224] [DEBUG] cheese - null
[2022-10-13T12:01:50.224] [DEBUG] cheese - null
[2022-10-13T12:07:30.279] [DEBUG] cheese - login => username:admin,password:123456
[2022-10-13T12:07:30.279] [DEBUG] cheese - admin
[2022-10-13T12:07:30.282] [DEBUG] cheese - null
[2022-10-13T12:07:30.282] [DEBUG] cheese - null
[2022-10-13T12:09:31.815] [DEBUG] cheese - login => username:admin,password:123456
[2022-10-13T12:09:31.815] [DEBUG] cheese - admin
[2022-10-13T12:09:31.816] [DEBUG] cheese - null
[2022-10-13T12:09:31.816] [DEBUG] cheese - null
[2022-10-13T12:11:03.815] [DEBUG] cheese - login => username:admin,password:123456
[2022-10-13T12:11:03.815] [DEBUG] cheese - admin
[2022-10-13T12:11:03.817] [DEBUG] cheese - null
[2022-10-13T12:11:03.817] [DEBUG] cheese - null
[2022-10-13T12:11:14.131] [DEBUG] cheese - login => username:admin,password:123456
[2022-10-13T12:11:14.131] [DEBUG] cheese - admin
[2022-10-13T12:11:14.132] [DEBUG] cheese - null
[2022-10-13T12:11:14.132] [DEBUG] cheese - null
[2022-10-13T12:12:03.046] [DEBUG] cheese - login => username:admin,password:123456
[2022-10-13T12:12:03.046] [DEBUG] cheese - admin
[2022-10-13T12:12:03.048] [DEBUG] cheese - null
[2022-10-13T12:12:03.048] [DEBUG] cheese - null
[2022-10-13T12:14:22.886] [DEBUG] cheese - login => username:admin,password:123456
[2022-10-13T12:14:22.886] [DEBUG] cheese - admin
[2022-10-13T12:14:22.888] [DEBUG] cheese - null
[2022-10-13T12:14:22.888] [DEBUG] cheese - null
[2022-10-13T12:16:40.430] [DEBUG] cheese - login => username:admin,password:123456
[2022-10-13T12:16:40.430] [DEBUG] cheese - admin
[2022-10-13T12:16:40.432] [DEBUG] cheese - null
[2022-10-13T12:16:40.432] [DEBUG] cheese - null
[2022-10-13T12:19:13.254] [DEBUG] cheese - login => username:admin,password:123456
[2022-10-13T12:19:13.254] [DEBUG] cheese - admin
[2022-10-13T12:19:13.256] [DEBUG] cheese - null
[2022-10-13T12:19:13.256] [DEBUG] cheese - null
[2022-10-13T12:21:50.518] [DEBUG] cheese - login => username:admin,password:123456
[2022-10-13T12:21:50.518] [DEBUG] cheese - admin
[2022-10-13T12:21:50.520] [DEBUG] cheese - null
[2022-10-13T12:21:50.520] [DEBUG] cheese - null
[2022-10-13T14:35:42.410] [DEBUG] cheese - login => username:admin,password:123456
[2022-10-13T14:35:42.410] [DEBUG] cheese - admin
[2022-10-13T14:35:42.412] [DEBUG] cheese - null
[2022-10-13T14:35:42.413] [DEBUG] cheese - null
[2022-10-13T14:36:19.650] [DEBUG] cheese - login => username:admin,password:123456
[2022-10-13T14:36:19.650] [DEBUG] cheese - admin
[2022-10-13T14:36:19.653] [DEBUG] cheese - null
[2022-10-13T14:36:19.653] [DEBUG] cheese - null
[2022-10-13T14:42:00.196] [DEBUG] cheese - login => username:admin,password:1234561
[2022-10-13T14:42:00.196] [DEBUG] cheese - admin
[2022-10-13T14:42:00.198] [DEBUG] cheese - null
[2022-10-13T14:42:00.198] [DEBUG] cheese - null
[2022-10-13T14:42:26.532] [DEBUG] cheese - login => username:admin,password:1234561
[2022-10-13T14:42:26.532] [DEBUG] cheese - admin
[2022-10-13T14:42:26.534] [DEBUG] cheese - null
[2022-10-13T14:42:26.534] [DEBUG] cheese - null
[2022-10-13T14:43:11.812] [DEBUG] cheese - login => username:admin,password:123456
[2022-10-13T14:43:11.812] [DEBUG] cheese - admin
[2022-10-13T14:43:11.814] [DEBUG] cheese - null
[2022-10-13T14:43:11.814] [DEBUG] cheese - null
[2022-10-13T14:43:15.154] [DEBUG] cheese - login => username:admin,password:1234561
[2022-10-13T14:43:15.154] [DEBUG] cheese - admin
[2022-10-13T14:43:15.155] [DEBUG] cheese - null
[2022-10-13T14:43:15.156] [DEBUG] cheese - null
[2022-10-13T14:43:15.865] [DEBUG] cheese - login => username:admin,password:1234561
[2022-10-13T14:43:15.865] [DEBUG] cheese - admin
[2022-10-13T14:43:15.867] [DEBUG] cheese - null
[2022-10-13T14:43:15.867] [DEBUG] cheese - null
[2022-10-13T14:43:16.210] [DEBUG] cheese - login => username:admin,password:1234561
[2022-10-13T14:43:16.210] [DEBUG] cheese - admin
[2022-10-13T14:43:16.212] [DEBUG] cheese - null
[2022-10-13T14:43:16.213] [DEBUG] cheese - null
[2022-10-13T14:43:16.418] [DEBUG] cheese - login => username:admin,password:1234561
[2022-10-13T14:43:16.418] [DEBUG] cheese - admin
[2022-10-13T14:43:16.420] [DEBUG] cheese - null
[2022-10-13T14:43:16.420] [DEBUG] cheese - null
[2022-10-13T14:43:16.602] [DEBUG] cheese - login => username:admin,password:1234561
[2022-10-13T14:43:16.602] [DEBUG] cheese - admin
[2022-10-13T14:43:16.603] [DEBUG] cheese - null
[2022-10-13T14:43:16.603] [DEBUG] cheese - null
[2022-10-13T14:43:16.794] [DEBUG] cheese - login => username:admin,password:1234561
[2022-10-13T14:43:16.794] [DEBUG] cheese - admin
[2022-10-13T14:43:16.795] [DEBUG] cheese - null
[2022-10-13T14:43:16.795] [DEBUG] cheese - null
[2022-10-13T14:43:20.009] [DEBUG] cheese - login => username:admin,password:123456
[2022-10-13T14:43:20.009] [DEBUG] cheese - admin
[2022-10-13T14:43:20.011] [DEBUG] cheese - null
[2022-10-13T14:43:20.011] [DEBUG] cheese - null
[2022-10-13T14:51:38.728] [DEBUG] cheese - login => username:admin,password:123456
[2022-10-13T14:51:38.729] [DEBUG] cheese - admin
[2022-10-13T14:51:38.734] [DEBUG] cheese - null
[2022-10-13T14:51:38.734] [DEBUG] cheese - null
[2022-10-13T16:42:53.522] [DEBUG] cheese - login => username:admin,password:123456
[2022-10-13T16:42:53.522] [DEBUG] cheese - admin
[2022-10-13T16:42:53.527] [DEBUG] cheese - null
[2022-10-13T16:42:53.527] [DEBUG] cheese - null
[2022-10-13T16:57:11.599] [DEBUG] cheese - login => username:admin,password:123456
[2022-10-13T16:57:11.599] [DEBUG] cheese - admin
[2022-10-13T16:57:11.602] [DEBUG] cheese - null
[2022-10-13T16:57:11.602] [DEBUG] cheese - null
[2022-10-13T17:07:55.697] [DEBUG] cheese - login => username:admin,password:123456
[2022-10-13T17:07:55.697] [DEBUG] cheese - admin
[2022-10-13T17:07:55.699] [DEBUG] cheese - null
[2022-10-13T17:07:55.699] [DEBUG] cheese - null
[2022-10-13T17:08:17.361] [DEBUG] cheese - login => username:admin,password:123456
[2022-10-13T17:08:17.361] [DEBUG] cheese - admin
[2022-10-13T17:08:17.363] [DEBUG] cheese - null
[2022-10-13T17:08:17.363] [DEBUG] cheese - null
[2022-10-13T17:14:18.097] [DEBUG] cheese - login => username:admin,password:123456
[2022-10-13T17:14:18.097] [DEBUG] cheese - admin
[2022-10-13T17:14:18.099] [DEBUG] cheese - null
[2022-10-13T17:14:18.099] [DEBUG] cheese - null
[2022-10-13T17:21:44.127] [DEBUG] cheese - login => username:admin,password:123456
[2022-10-13T17:21:44.127] [DEBUG] cheese - admin
[2022-10-13T17:21:44.129] [DEBUG] cheese - null
[2022-10-13T17:21:44.129] [DEBUG] cheese - null
[2022-10-13T17:24:55.728] [DEBUG] cheese - login => username:admin,password:123456
[2022-10-13T17:24:55.728] [DEBUG] cheese - admin
[2022-10-13T17:24:55.730] [DEBUG] cheese - null
[2022-10-13T17:24:55.730] [DEBUG] cheese - null
[2022-10-13T18:43:25.734] [DEBUG] cheese - login => username:admin,password:123456
[2022-10-13T18:43:25.734] [DEBUG] cheese - admin
[2022-10-13T18:43:25.737] [DEBUG] cheese - null
[2022-10-13T18:43:25.737] [DEBUG] cheese - null
[2022-10-14T09:33:28.558] [DEBUG] cheese - login => username:admin,password:123456
[2022-10-14T09:33:28.559] [DEBUG] cheese - admin
[2022-10-14T09:33:28.576] [DEBUG] cheese - null
[2022-10-14T09:33:28.576] [DEBUG] cheese - null
[2022-10-14T09:37:01.991] [DEBUG] cheese - login => username:admin,password:123456
[2022-10-14T09:37:01.991] [DEBUG] cheese - admin
[2022-10-14T09:37:01.993] [DEBUG] cheese - null
[2022-10-14T09:37:01.993] [DEBUG] cheese - null
[2022-10-14T10:19:54.817] [DEBUG] cheese - login => username:admin,password:123456
[2022-10-14T10:19:54.817] [DEBUG] cheese - admin
[2022-10-14T10:19:54.820] [DEBUG] cheese - null
[2022-10-14T10:19:54.820] [DEBUG] cheese - null
[2022-10-14T10:50:03.171] [DEBUG] cheese - login => username:admin,password:123456
[2022-10-14T10:50:03.171] [DEBUG] cheese - admin
[2022-10-14T10:50:03.172] [DEBUG] cheese - null
[2022-10-14T10:50:03.173] [DEBUG] cheese - null
